-------------------------------------------------------------------------------
Test set: Verify universal credit claim screen
-------------------------------------------------------------------------------
Tests run: 2, Failures: 0, Errors: 2, Skipped: 0, Time elapsed: 33.237 s <<< FAILURE! - in Verify universal credit claim screen
Verify universal credit claim screen.Validate user gets valid output on universal credit claim screen #1  Time elapsed: 20.17 s  <<< ERROR!
java.lang.NullPointerException: Cannot invoke "org.openqa.selenium.WebElement.click()" because the return value of "org.openqa.selenium.WebDriver.findElement(org.openqa.selenium.By)" is null
	at pages.LandingPage.acceptCookies(LandingPage.java:20)
	at stepDefinitions.LandingScreenSteps.I_want_to_check_nhs_costs_online_service(LandingScreenSteps.java:38)
	at ✽.I want to check nhs costs online service(file:///C:/Users/Rajashr14742/eclipse-workspace/nhs_costs_online_service_acceptance_test/src/test/resources/features/Universal_Credit_Claim_Screen.feature:5)

Verify universal credit claim screen.Validate user gets valid output on universal credit claim screen #2  Time elapsed: 13.067 s  <<< ERROR!
java.lang.NullPointerException: Cannot invoke "org.openqa.selenium.WebElement.click()" because the return value of "org.openqa.selenium.WebDriver.findElement(org.openqa.selenium.By)" is null
	at pages.LandingPage.acceptCookies(LandingPage.java:20)
	at stepDefinitions.LandingScreenSteps.I_want_to_check_nhs_costs_online_service(LandingScreenSteps.java:38)
	at ✽.I want to check nhs costs online service(file:///C:/Users/Rajashr14742/eclipse-workspace/nhs_costs_online_service_acceptance_test/src/test/resources/features/Universal_Credit_Claim_Screen.feature:5)

