-------------------------------------------------------------------------------
Test set: Verify paid universal credit screen
-------------------------------------------------------------------------------
Tests run: 3, Failures: 0, Errors: 3, Skipped: 0, Time elapsed: 39.969 s <<< FAILURE! - in Verify paid universal credit screen
Verify paid universal credit screen.Validate user gets valid output on paid universal credit screen #1  Time elapsed: 20.003 s  <<< ERROR!
java.lang.NullPointerException: Cannot invoke "org.openqa.selenium.WebElement.click()" because the return value of "org.openqa.selenium.WebDriver.findElement(org.openqa.selenium.By)" is null
	at pages.LandingPage.acceptCookies(LandingPage.java:20)
	at stepDefinitions.LandingScreenSteps.I_want_to_check_nhs_costs_online_service(LandingScreenSteps.java:38)
	at ✽.I want to check nhs costs online service(file:///C:/Users/Rajashr14742/eclipse-workspace/nhs_costs_online_service_acceptance_test/src/test/resources/features/Paid_Universal_Credit_Screen.feature:5)

Verify paid universal credit screen.Validate user gets valid output on paid universal credit screen #2  Time elapsed: 12.582 s  <<< ERROR!
java.lang.NullPointerException: Cannot invoke "org.openqa.selenium.WebElement.click()" because the return value of "org.openqa.selenium.WebDriver.findElement(org.openqa.selenium.By)" is null
	at pages.LandingPage.acceptCookies(LandingPage.java:20)
	at stepDefinitions.LandingScreenSteps.I_want_to_check_nhs_costs_online_service(LandingScreenSteps.java:38)
	at ✽.I want to check nhs costs online service(file:///C:/Users/Rajashr14742/eclipse-workspace/nhs_costs_online_service_acceptance_test/src/test/resources/features/Paid_Universal_Credit_Screen.feature:5)

Verify paid universal credit screen.Validate user gets valid output on paid universal credit screen #3  Time elapsed: 7.383 s  <<< ERROR!
java.lang.NullPointerException: Cannot invoke "org.openqa.selenium.WebElement.click()" because the return value of "org.openqa.selenium.WebDriver.findElement(org.openqa.selenium.By)" is null
	at pages.LandingPage.acceptCookies(LandingPage.java:20)
	at stepDefinitions.LandingScreenSteps.I_want_to_check_nhs_costs_online_service(LandingScreenSteps.java:38)
	at ✽.I want to check nhs costs online service(file:///C:/Users/Rajashr14742/eclipse-workspace/nhs_costs_online_service_acceptance_test/src/test/resources/features/Paid_Universal_Credit_Screen.feature:5)

