-------------------------------------------------------------------------------
Test set: Verify your take-home pay for your last Universal Credit period screen
-------------------------------------------------------------------------------
Tests run: 2, Failures: 0, Errors: 2, Skipped: 0, Time elapsed: 33.217 s <<< FAILURE! - in Verify your take-home pay for your last Universal Credit period screen
Verify your take-home pay for your last Universal Credit period screen.Validate user does not get help with NHS costs if take-home pay was not £435 or less  Time elapsed: 20.154 s  <<< ERROR!
java.lang.NullPointerException: Cannot invoke "org.openqa.selenium.WebElement.click()" because the return value of "org.openqa.selenium.WebDriver.findElement(org.openqa.selenium.By)" is null
	at pages.LandingPage.acceptCookies(LandingPage.java:20)
	at stepDefinitions.LandingScreenSteps.I_want_to_check_nhs_costs_online_service(LandingScreenSteps.java:38)
	at ✽.I want to check nhs costs online service(file:///C:/Users/Rajashr14742/eclipse-workspace/nhs_costs_online_service_acceptance_test/src/test/resources/features/Your_Take_Home_Pay_Screen.feature:5)

Verify your take-home pay for your last Universal Credit period screen.Validate user gets help with NHS costs if take-home pay was £435 or less  Time elapsed: 13.063 s  <<< ERROR!
java.lang.NullPointerException: Cannot invoke "org.openqa.selenium.WebElement.click()" because the return value of "org.openqa.selenium.WebDriver.findElement(org.openqa.selenium.By)" is null
	at pages.LandingPage.acceptCookies(LandingPage.java:20)
	at stepDefinitions.LandingScreenSteps.I_want_to_check_nhs_costs_online_service(LandingScreenSteps.java:38)
	at ✽.I want to check nhs costs online service(file:///C:/Users/Rajashr14742/eclipse-workspace/nhs_costs_online_service_acceptance_test/src/test/resources/features/Your_Take_Home_Pay_Screen.feature:31)

